<?xml version="1.0" encoding="UTF-8"?>
<!-- Generated by org.testng.reporters.JUnitReportReporter -->
<testsuite hostname="DESKTOP-TPS5RRP" failures="0" tests="2" name="com.test.MultiTest" time="32.548" errors="0" timestamp="2021-02-01T13:19:14 PST" skipped="0">
  <testcase classname="com.test.MultiTest" name="SelectDropdown" time="3.328"/>
  <system-out/>
  <testcase classname="com.test.MultiTest" name="AdvanceDropdown" time="29.220"/>
  <system-out/>
</testsuite> <!-- com.test.MultiTest -->
